{"@timestamp":"2025-10-23T22:14:19.3302373+05:00","level":"INFO","logger_name":"org.hibernate.validator.internal.util.Version","message":"HV000001: Hibernate Validator 8.0.1.Final"}
{"@timestamp":"2025-10-23T22:14:19.3672377+05:00","level":"INFO","logger_name":"com.ecommerce.EcommercePlatformApplication","message":"Starting EcommercePlatformApplication using Java 17.0.16 with PID 15120 (D:\\Intellij\\E-commerce\\target\\classes started by nuers in D:\\Intellij\\E-commerce)"}
{"@timestamp":"2025-10-23T22:14:19.3682383+05:00","level":"INFO","logger_name":"com.ecommerce.EcommercePlatformApplication","message":"No active profile set, falling back to 1 default profile: \"default\""}
{"@timestamp":"2025-10-23T22:14:19.5912366+05:00","level":"WARN","logger_name":"org.springframework.boot.web.servlet.context.AnnotationConfigServletWebServerApplicationContext","message":"Exception encountered during context initialization - cancelling refresh attempt: org.springframework.beans.factory.BeanDefinitionStoreException: Failed to parse configuration class [com.ecommerce.EcommercePlatformApplication]"}
{"@timestamp":"2025-10-23T22:14:19.623348+05:00","level":"ERROR","logger_name":"org.springframework.boot.SpringApplication","message":"Application run failed"}
{"@timestamp":"2025-10-23T22:14:53.608635+05:00","level":"INFO","logger_name":"org.hibernate.validator.internal.util.Version","message":"HV000001: Hibernate Validator 8.0.1.Final"}
{"@timestamp":"2025-10-23T22:14:53.6456376+05:00","level":"INFO","logger_name":"com.ecommerce.EcommercePlatformApplication","message":"Starting EcommercePlatformApplication using Java 17.0.16 with PID 19392 (D:\\Intellij\\E-commerce\\target\\classes started by nuers in D:\\Intellij\\E-commerce)"}
{"@timestamp":"2025-10-23T22:14:53.6466364+05:00","level":"INFO","logger_name":"com.ecommerce.EcommercePlatformApplication","message":"No active profile set, falling back to 1 default profile: \"default\""}
{"@timestamp":"2025-10-23T22:14:53.8006358+05:00","level":"WARN","logger_name":"org.springframework.boot.web.servlet.context.AnnotationConfigServletWebServerApplicationContext","message":"Exception encountered during context initialization - cancelling refresh attempt: org.springframework.beans.factory.BeanDefinitionStoreException: Failed to parse configuration class [com.ecommerce.EcommercePlatformApplication]"}
{"@timestamp":"2025-10-23T22:14:53.9066356+05:00","level":"ERROR","logger_name":"org.springframework.boot.SpringApplication","message":"Application run failed"}
{"@timestamp":"2025-10-23T22:27:04.1936494+05:00","level":"INFO","logger_name":"org.hibernate.validator.internal.util.Version","message":"HV000001: Hibernate Validator 8.0.1.Final"}
{"@timestamp":"2025-10-23T22:27:04.2328346+05:00","level":"INFO","logger_name":"com.ecommerce.EcommercePlatformApplication","message":"Starting EcommercePlatformApplication using Java 17.0.16 with PID 25292 (D:\\Intellij\\E-commerce\\target\\classes started by nuers in D:\\Intellij\\E-commerce)"}
{"@timestamp":"2025-10-23T22:27:04.2338432+05:00","level":"INFO","logger_name":"com.ecommerce.EcommercePlatformApplication","message":"No active profile set, falling back to 1 default profile: \"default\""}
{"@timestamp":"2025-10-23T22:27:04.4035351+05:00","level":"WARN","logger_name":"org.springframework.boot.web.servlet.context.AnnotationConfigServletWebServerApplicationContext","message":"Exception encountered during context initialization - cancelling refresh attempt: org.springframework.beans.factory.BeanDefinitionStoreException: Failed to parse configuration class [com.ecommerce.EcommercePlatformApplication]"}
{"@timestamp":"2025-10-23T22:27:04.4930725+05:00","level":"ERROR","logger_name":"org.springframework.boot.SpringApplication","message":"Application run failed"}
{"@timestamp":"2025-10-23T22:29:24.2469704+05:00","level":"INFO","logger_name":"org.hibernate.validator.internal.util.Version","message":"HV000001: Hibernate Validator 8.0.1.Final"}
{"@timestamp":"2025-10-23T22:29:24.2879689+05:00","level":"INFO","logger_name":"com.ecommerce.EcommercePlatformApplication","message":"Starting EcommercePlatformApplication using Java 17.0.16 with PID 18524 (D:\\Intellij\\E-commerce\\target\\classes started by nuers in D:\\Intellij\\E-commerce)"}
{"@timestamp":"2025-10-23T22:29:24.2889697+05:00","level":"INFO","logger_name":"com.ecommerce.EcommercePlatformApplication","message":"No active profile set, falling back to 1 default profile: \"default\""}
{"@timestamp":"2025-10-23T22:29:24.9673625+05:00","level":"INFO","logger_name":"org.springframework.data.repository.config.RepositoryConfigurationDelegate","message":"Bootstrapping Spring Data JPA repositories in DEFAULT mode."}
{"@timestamp":"2025-10-23T22:29:25.0203617+05:00","level":"INFO","logger_name":"org.springframework.data.repository.config.RepositoryConfigurationDelegate","message":"Finished Spring Data repository scanning in 47 ms. Found 3 JPA repository interfaces."}
{"@timestamp":"2025-10-23T22:29:25.7453836+05:00","level":"INFO","logger_name":"org.springframework.boot.web.embedded.tomcat.TomcatWebServer","message":"Tomcat initialized with port 8080 (http)"}
{"@timestamp":"2025-10-23T22:29:25.7723822+05:00","level":"INFO","logger_name":"org.apache.coyote.http11.Http11NioProtocol","message":"Initializing ProtocolHandler [\"http-nio-8080\"]"}
{"@timestamp":"2025-10-23T22:29:25.7773839+05:00","level":"INFO","logger_name":"org.apache.catalina.core.StandardService","message":"Starting service [Tomcat]"}
{"@timestamp":"2025-10-23T22:29:25.7783838+05:00","level":"INFO","logger_name":"org.apache.catalina.core.StandardEngine","message":"Starting Servlet engine: [Apache Tomcat/10.1.26]"}
{"@timestamp":"2025-10-23T22:29:25.8863836+05:00","level":"INFO","logger_name":"org.apache.catalina.core.ContainerBase.[Tomcat].[localhost].[/]","message":"Initializing Spring embedded WebApplicationContext"}
{"@timestamp":"2025-10-23T22:29:25.887383+05:00","level":"INFO","logger_name":"org.springframework.boot.web.servlet.context.ServletWebServerApplicationContext","message":"Root WebApplicationContext: initialization completed in 1563 ms"}
{"@timestamp":"2025-10-23T22:29:26.2143832+05:00","level":"INFO","logger_name":"org.hibernate.jpa.internal.util.LogHelper","message":"HHH000204: Processing PersistenceUnitInfo [name: default]"}
{"@timestamp":"2025-10-23T22:29:26.3713828+05:00","level":"INFO","logger_name":"org.hibernate.Version","message":"HHH000412: Hibernate ORM core version 6.5.2.Final"}
{"@timestamp":"2025-10-23T22:29:26.4003831+05:00","level":"INFO","logger_name":"org.hibernate.cache.internal.RegionFactoryInitiator","message":"HHH000026: Second-level cache disabled"}
{"@timestamp":"2025-10-23T22:29:26.6515074+05:00","level":"INFO","logger_name":"org.springframework.orm.jpa.persistenceunit.SpringPersistenceUnitInfo","message":"No LoadTimeWeaver setup: ignoring JPA class transformer"}
{"@timestamp":"2025-10-23T22:29:26.6725142+05:00","level":"INFO","logger_name":"com.zaxxer.hikari.HikariDataSource","message":"HikariPool-1 - Starting..."}
{"@timestamp":"2025-10-23T22:29:26.8005079+05:00","level":"INFO","logger_name":"com.zaxxer.hikari.pool.HikariPool","message":"HikariPool-1 - Added connection org.postgresql.jdbc.PgConnection@4eac65db"}
{"@timestamp":"2025-10-23T22:29:26.8015068+05:00","level":"INFO","logger_name":"com.zaxxer.hikari.HikariDataSource","message":"HikariPool-1 - Start completed."}
{"@timestamp":"2025-10-23T22:29:27.5729931+05:00","level":"INFO","logger_name":"org.hibernate.engine.transaction.jta.platform.internal.JtaPlatformInitiator","message":"HHH000489: No JTA platform available (set 'hibernate.transaction.jta.platform' to enable JTA platform integration)"}
{"@timestamp":"2025-10-23T22:29:27.6419921+05:00","level":"INFO","logger_name":"org.springframework.orm.jpa.LocalContainerEntityManagerFactoryBean","message":"Initialized JPA EntityManagerFactory for persistence unit 'default'"}
{"@timestamp":"2025-10-23T22:29:27.9955102+05:00","level":"WARN","logger_name":"org.springframework.boot.autoconfigure.orm.jpa.JpaBaseConfiguration$JpaWebConfiguration","message":"spring.jpa.open-in-view is enabled by default. Therefore, database queries may be performed during view rendering. Explicitly configure spring.jpa.open-in-view to disable this warning"}
{"@timestamp":"2025-10-23T22:29:28.5644401+05:00","level":"INFO","logger_name":"org.apache.coyote.http11.Http11NioProtocol","message":"Starting ProtocolHandler [\"http-nio-8080\"]"}
{"@timestamp":"2025-10-23T22:29:28.5784404+05:00","level":"INFO","logger_name":"org.springframework.boot.web.embedded.tomcat.TomcatWebServer","message":"Tomcat started on port 8080 (http) with context path '/'"}
{"@timestamp":"2025-10-23T22:29:28.5854401+05:00","level":"INFO","logger_name":"com.ecommerce.EcommercePlatformApplication","message":"Started EcommercePlatformApplication in 4.8 seconds (process running for 5.063)"}
{"@timestamp":"2025-10-23T22:29:51.4259115+05:00","level":"INFO","logger_name":"org.apache.catalina.core.ContainerBase.[Tomcat].[localhost].[/]","message":"Initializing Spring DispatcherServlet 'dispatcherServlet'"}
{"@timestamp":"2025-10-23T22:29:51.4259115+05:00","level":"INFO","logger_name":"org.springframework.web.servlet.DispatcherServlet","message":"Initializing Servlet 'dispatcherServlet'"}
{"@timestamp":"2025-10-23T22:29:51.4269123+05:00","level":"INFO","logger_name":"org.springframework.web.servlet.DispatcherServlet","message":"Completed initialization in 1 ms"}
{"@timestamp":"2025-10-23T22:30:15.335165+05:00","level":"INFO","logger_name":"com.ecommerce.logging.RequestResponseLoggingFilter","message":"Request: method=POST, uri=/api/auth/login, status=200, duration=142ms"}
{"@timestamp":"2025-10-23T22:30:50.8850274+05:00","level":"INFO","logger_name":"com.ecommerce.logging.RequestResponseLoggingFilter","message":"Request: method=GET, uri=/api/user/hello, status=200, duration=5ms"}
{"@timestamp":"2025-10-23T22:32:24.6333429+05:00","level":"INFO","logger_name":"org.springframework.orm.jpa.LocalContainerEntityManagerFactoryBean","message":"Closing JPA EntityManagerFactory for persistence unit 'default'"}
{"@timestamp":"2025-10-23T22:32:24.6343437+05:00","level":"INFO","logger_name":"com.zaxxer.hikari.HikariDataSource","message":"HikariPool-1 - Shutdown initiated..."}
{"@timestamp":"2025-10-23T22:32:24.6404432+05:00","level":"INFO","logger_name":"com.zaxxer.hikari.HikariDataSource","message":"HikariPool-1 - Shutdown completed."}
{"@timestamp":"2025-10-23T22:32:27.2642389+05:00","level":"INFO","logger_name":"org.hibernate.validator.internal.util.Version","message":"HV000001: Hibernate Validator 8.0.1.Final"}
{"@timestamp":"2025-10-23T22:32:27.3062374+05:00","level":"INFO","logger_name":"com.ecommerce.EcommercePlatformApplication","message":"Starting EcommercePlatformApplication using Java 17.0.16 with PID 29336 (D:\\Intellij\\E-commerce\\target\\classes started by nuers in D:\\Intellij\\E-commerce)"}
{"@timestamp":"2025-10-23T22:32:27.3072378+05:00","level":"INFO","logger_name":"com.ecommerce.EcommercePlatformApplication","message":"No active profile set, falling back to 1 default profile: \"default\""}
{"@timestamp":"2025-10-23T22:32:27.937259+05:00","level":"INFO","logger_name":"org.springframework.data.repository.config.RepositoryConfigurationDelegate","message":"Bootstrapping Spring Data JPA repositories in DEFAULT mode."}
{"@timestamp":"2025-10-23T22:32:27.9940356+05:00","level":"INFO","logger_name":"org.springframework.data.repository.config.RepositoryConfigurationDelegate","message":"Finished Spring Data repository scanning in 49 ms. Found 3 JPA repository interfaces."}
{"@timestamp":"2025-10-23T22:32:28.7071328+05:00","level":"INFO","logger_name":"org.springframework.boot.web.embedded.tomcat.TomcatWebServer","message":"Tomcat initialized with port 8080 (http)"}
{"@timestamp":"2025-10-23T22:32:28.7281329+05:00","level":"INFO","logger_name":"org.apache.coyote.http11.Http11NioProtocol","message":"Initializing ProtocolHandler [\"http-nio-8080\"]"}
{"@timestamp":"2025-10-23T22:32:28.733132+05:00","level":"INFO","logger_name":"org.apache.catalina.core.StandardService","message":"Starting service [Tomcat]"}
{"@timestamp":"2025-10-23T22:32:28.733132+05:00","level":"INFO","logger_name":"org.apache.catalina.core.StandardEngine","message":"Starting Servlet engine: [Apache Tomcat/10.1.26]"}
{"@timestamp":"2025-10-23T22:32:28.8531321+05:00","level":"INFO","logger_name":"org.apache.catalina.core.ContainerBase.[Tomcat].[localhost].[/]","message":"Initializing Spring embedded WebApplicationContext"}
{"@timestamp":"2025-10-23T22:32:28.8551321+05:00","level":"INFO","logger_name":"org.springframework.boot.web.servlet.context.ServletWebServerApplicationContext","message":"Root WebApplicationContext: initialization completed in 1516 ms"}
{"@timestamp":"2025-10-23T22:32:29.1851327+05:00","level":"INFO","logger_name":"org.hibernate.jpa.internal.util.LogHelper","message":"HHH000204: Processing PersistenceUnitInfo [name: default]"}
{"@timestamp":"2025-10-23T22:32:29.3171328+05:00","level":"INFO","logger_name":"org.hibernate.Version","message":"HHH000412: Hibernate ORM core version 6.5.2.Final"}
{"@timestamp":"2025-10-23T22:32:29.3990847+05:00","level":"INFO","logger_name":"org.hibernate.cache.internal.RegionFactoryInitiator","message":"HHH000026: Second-level cache disabled"}
{"@timestamp":"2025-10-23T22:32:29.6335138+05:00","level":"INFO","logger_name":"org.springframework.orm.jpa.persistenceunit.SpringPersistenceUnitInfo","message":"No LoadTimeWeaver setup: ignoring JPA class transformer"}
{"@timestamp":"2025-10-23T22:32:29.6501913+05:00","level":"INFO","logger_name":"com.zaxxer.hikari.HikariDataSource","message":"HikariPool-1 - Starting..."}
{"@timestamp":"2025-10-23T22:32:29.777837+05:00","level":"INFO","logger_name":"com.zaxxer.hikari.pool.HikariPool","message":"HikariPool-1 - Added connection org.postgresql.jdbc.PgConnection@5788722f"}
{"@timestamp":"2025-10-23T22:32:29.7788374+05:00","level":"INFO","logger_name":"com.zaxxer.hikari.HikariDataSource","message":"HikariPool-1 - Start completed."}
{"@timestamp":"2025-10-23T22:32:30.5465699+05:00","level":"INFO","logger_name":"org.hibernate.engine.transaction.jta.platform.internal.JtaPlatformInitiator","message":"HHH000489: No JTA platform available (set 'hibernate.transaction.jta.platform' to enable JTA platform integration)"}
{"@timestamp":"2025-10-23T22:32:30.6094607+05:00","level":"INFO","logger_name":"org.springframework.orm.jpa.LocalContainerEntityManagerFactoryBean","message":"Initialized JPA EntityManagerFactory for persistence unit 'default'"}
{"@timestamp":"2025-10-23T22:32:30.8793962+05:00","level":"WARN","logger_name":"org.springframework.boot.autoconfigure.orm.jpa.JpaBaseConfiguration$JpaWebConfiguration","message":"spring.jpa.open-in-view is enabled by default. Therefore, database queries may be performed during view rendering. Explicitly configure spring.jpa.open-in-view to disable this warning"}
{"@timestamp":"2025-10-23T22:32:31.6271487+05:00","level":"INFO","logger_name":"org.apache.coyote.http11.Http11NioProtocol","message":"Starting ProtocolHandler [\"http-nio-8080\"]"}
{"@timestamp":"2025-10-23T22:32:31.6612361+05:00","level":"INFO","logger_name":"org.springframework.boot.web.embedded.tomcat.TomcatWebServer","message":"Tomcat started on port 8080 (http) with context path '/'"}
{"@timestamp":"2025-10-23T22:32:31.6752503+05:00","level":"INFO","logger_name":"com.ecommerce.EcommercePlatformApplication","message":"Started EcommercePlatformApplication in 4.877 seconds (process running for 5.136)"}
{"@timestamp":"2025-10-23T22:32:47.8938986+05:00","level":"INFO","logger_name":"org.apache.catalina.core.ContainerBase.[Tomcat].[localhost].[/]","message":"Initializing Spring DispatcherServlet 'dispatcherServlet'"}
{"@timestamp":"2025-10-23T22:32:47.8938986+05:00","level":"INFO","logger_name":"org.springframework.web.servlet.DispatcherServlet","message":"Initializing Servlet 'dispatcherServlet'"}
{"@timestamp":"2025-10-23T22:32:47.8948991+05:00","level":"INFO","logger_name":"org.springframework.web.servlet.DispatcherServlet","message":"Completed initialization in 1 ms"}
{"@timestamp":"2025-10-23T22:32:47.9619+05:00","level":"INFO","logger_name":"com.ecommerce.logging.RequestResponseLoggingFilter","message":"Request: method=GET, uri=/api/user/hello, status=200, duration=22ms"}
{"@timestamp":"2025-10-23T22:32:47.9628995+05:00","level":"INFO","logger_name":"com.ecommerce.logging.RequestLoggingFilter","message":"API request: {duration_ms=23, method=GET, client_ip=0:0:0:0:0:0:0:1, uri=/api/user/hello, timestamp=2025-10-23T22:32:47.962899500, status=200}"}
{"@timestamp":"2025-10-23T22:38:35.5986313+05:00","level":"INFO","logger_name":"org.springframework.orm.jpa.LocalContainerEntityManagerFactoryBean","message":"Closing JPA EntityManagerFactory for persistence unit 'default'"}
{"@timestamp":"2025-10-23T22:38:35.6006329+05:00","level":"INFO","logger_name":"com.zaxxer.hikari.HikariDataSource","message":"HikariPool-1 - Shutdown initiated..."}
{"@timestamp":"2025-10-23T22:38:35.6036318+05:00","level":"INFO","logger_name":"com.zaxxer.hikari.HikariDataSource","message":"HikariPool-1 - Shutdown completed."}
