{"@timestamp":"2025-11-16T15:32:09.7322637+05:00","level":"INFO","logger_name":"org.hibernate.validator.internal.util.Version","message":"HV000001: Hibernate Validator 8.0.1.Final"}
{"@timestamp":"2025-11-16T15:32:09.7791499+05:00","level":"INFO","logger_name":"com.ecommerce.EcommercePlatformApplication","message":"Starting EcommercePlatformApplication using Java 17.0.16 with PID 6324 (D:\\Intellij\\E-commerce\\target\\classes started by nuers in D:\\Intellij\\E-commerce)"}
{"@timestamp":"2025-11-16T15:32:09.7801497+05:00","level":"INFO","logger_name":"com.ecommerce.EcommercePlatformApplication","message":"No active profile set, falling back to 1 default profile: \"default\""}
{"@timestamp":"2025-11-16T15:32:10.7451266+05:00","level":"INFO","logger_name":"org.springframework.data.repository.config.RepositoryConfigurationDelegate","message":"Bootstrapping Spring Data JPA repositories in DEFAULT mode."}
{"@timestamp":"2025-11-16T15:32:10.8160644+05:00","level":"INFO","logger_name":"org.springframework.data.repository.config.RepositoryConfigurationDelegate","message":"Finished Spring Data repository scanning in 62 ms. Found 3 JPA repository interfaces."}
{"@timestamp":"2025-11-16T15:32:11.701066+05:00","level":"INFO","logger_name":"org.springframework.boot.web.embedded.tomcat.TomcatWebServer","message":"Tomcat initialized with port 8080 (http)"}
{"@timestamp":"2025-11-16T15:32:11.7225034+05:00","level":"INFO","logger_name":"org.apache.coyote.http11.Http11NioProtocol","message":"Initializing ProtocolHandler [\"http-nio-8080\"]"}
{"@timestamp":"2025-11-16T15:32:11.7285293+05:00","level":"INFO","logger_name":"org.apache.catalina.core.StandardService","message":"Starting service [Tomcat]"}
{"@timestamp":"2025-11-16T15:32:11.7295386+05:00","level":"INFO","logger_name":"org.apache.catalina.core.StandardEngine","message":"Starting Servlet engine: [Apache Tomcat/10.1.26]"}
{"@timestamp":"2025-11-16T15:32:11.8898159+05:00","level":"INFO","logger_name":"org.apache.catalina.core.ContainerBase.[Tomcat].[localhost].[/]","message":"Initializing Spring embedded WebApplicationContext"}
{"@timestamp":"2025-11-16T15:32:11.8918224+05:00","level":"INFO","logger_name":"org.springframework.boot.web.servlet.context.ServletWebServerApplicationContext","message":"Root WebApplicationContext: initialization completed in 2069 ms"}
{"@timestamp":"2025-11-16T15:32:12.2859948+05:00","level":"INFO","logger_name":"org.hibernate.jpa.internal.util.LogHelper","message":"HHH000204: Processing PersistenceUnitInfo [name: default]"}
{"@timestamp":"2025-11-16T15:32:12.4421329+05:00","level":"INFO","logger_name":"org.hibernate.Version","message":"HHH000412: Hibernate ORM core version 6.5.2.Final"}
{"@timestamp":"2025-11-16T15:32:12.4860615+05:00","level":"INFO","logger_name":"org.hibernate.cache.internal.RegionFactoryInitiator","message":"HHH000026: Second-level cache disabled"}
{"@timestamp":"2025-11-16T15:32:12.760933+05:00","level":"INFO","logger_name":"org.springframework.orm.jpa.persistenceunit.SpringPersistenceUnitInfo","message":"No LoadTimeWeaver setup: ignoring JPA class transformer"}
{"@timestamp":"2025-11-16T15:32:12.7843163+05:00","level":"INFO","logger_name":"com.zaxxer.hikari.HikariDataSource","message":"HikariPool-1 - Starting..."}
{"@timestamp":"2025-11-16T15:32:12.9562564+05:00","level":"INFO","logger_name":"com.zaxxer.hikari.pool.HikariPool","message":"HikariPool-1 - Added connection org.postgresql.jdbc.PgConnection@6da646b8"}
{"@timestamp":"2025-11-16T15:32:12.957272+05:00","level":"INFO","logger_name":"com.zaxxer.hikari.HikariDataSource","message":"HikariPool-1 - Start completed."}
{"@timestamp":"2025-11-16T15:32:13.9222756+05:00","level":"INFO","logger_name":"org.hibernate.engine.transaction.jta.platform.internal.JtaPlatformInitiator","message":"HHH000489: No JTA platform available (set 'hibernate.transaction.jta.platform' to enable JTA platform integration)"}
{"@timestamp":"2025-11-16T15:32:14.0038437+05:00","level":"INFO","logger_name":"org.springframework.orm.jpa.LocalContainerEntityManagerFactoryBean","message":"Initialized JPA EntityManagerFactory for persistence unit 'default'"}
{"@timestamp":"2025-11-16T15:32:14.4315217+05:00","level":"WARN","logger_name":"org.springframework.boot.autoconfigure.orm.jpa.JpaBaseConfiguration$JpaWebConfiguration","message":"spring.jpa.open-in-view is enabled by default. Therefore, database queries may be performed during view rendering. Explicitly configure spring.jpa.open-in-view to disable this warning"}
{"@timestamp":"2025-11-16T15:32:15.1551029+05:00","level":"INFO","logger_name":"org.apache.coyote.http11.Http11NioProtocol","message":"Starting ProtocolHandler [\"http-nio-8080\"]"}
{"@timestamp":"2025-11-16T15:32:15.1699343+05:00","level":"INFO","logger_name":"org.springframework.boot.web.embedded.tomcat.TomcatWebServer","message":"Tomcat started on port 8080 (http) with context path '/'"}
{"@timestamp":"2025-11-16T15:32:15.1759519+05:00","level":"INFO","logger_name":"com.ecommerce.EcommercePlatformApplication","message":"Started EcommercePlatformApplication in 6.086 seconds (process running for 6.49)"}
{"@timestamp":"2025-11-16T15:32:41.8459645+05:00","level":"INFO","logger_name":"org.apache.catalina.core.ContainerBase.[Tomcat].[localhost].[/]","message":"Initializing Spring DispatcherServlet 'dispatcherServlet'"}
{"@timestamp":"2025-11-16T15:32:41.8459645+05:00","level":"INFO","logger_name":"org.springframework.web.servlet.DispatcherServlet","message":"Initializing Servlet 'dispatcherServlet'"}
{"@timestamp":"2025-11-16T15:32:41.8469657+05:00","level":"INFO","logger_name":"org.springframework.web.servlet.DispatcherServlet","message":"Completed initialization in 1 ms"}
{"@timestamp":"2025-11-16T15:34:18.3762225+05:00","level":"ERROR","logger_name":"com.ecommerce.logging.GlobalExceptionHandler","message":"Unhandled exception occurred"}
{"@timestamp":"2025-11-16T15:34:18.4065643+05:00","level":"INFO","logger_name":"com.ecommerce.logging.RequestResponseLoggingFilter","message":"Request: method=POST, uri=/api/auth/login, status=500, duration=51ms"}
{"@timestamp":"2025-11-16T15:34:18.4065643+05:00","level":"INFO","logger_name":"com.ecommerce.logging.RequestLoggingFilter","message":"API request: {duration_ms=51, method=POST, client_ip=0:0:0:0:0:0:0:1, uri=/api/auth/login, timestamp=2025-11-16T15:34:18.406564300, status=500}"}
{"@timestamp":"2025-11-16T15:35:27.2973847+05:00","level":"INFO","logger_name":"com.ecommerce.logging.RequestResponseLoggingFilter","message":"Request: method=POST, uri=/api/auth/login, status=200, duration=134ms"}
{"@timestamp":"2025-11-16T15:35:27.2973847+05:00","level":"INFO","logger_name":"com.ecommerce.logging.RequestLoggingFilter","message":"API request: {duration_ms=134, method=POST, client_ip=0:0:0:0:0:0:0:1, uri=/api/auth/login, timestamp=2025-11-16T15:35:27.297384700, status=200}"}
