{"@timestamp":"2025-10-24T09:22:52.8076342+05:00","level":"INFO","logger_name":"org.hibernate.validator.internal.util.Version","message":"HV000001: Hibernate Validator 8.0.1.Final"}
{"@timestamp":"2025-10-24T09:22:52.8497732+05:00","level":"INFO","logger_name":"com.ecommerce.EcommercePlatformApplication","message":"Starting EcommercePlatformApplication using Java 17.0.16 with PID 11468 (D:\\Intellij\\E-commerce\\target\\classes started by nuers in D:\\Intellij\\E-commerce)"}
{"@timestamp":"2025-10-24T09:22:52.8507727+05:00","level":"INFO","logger_name":"com.ecommerce.EcommercePlatformApplication","message":"No active profile set, falling back to 1 default profile: \"default\""}
{"@timestamp":"2025-10-24T09:22:53.6747754+05:00","level":"INFO","logger_name":"org.springframework.data.repository.config.RepositoryConfigurationDelegate","message":"Bootstrapping Spring Data JPA repositories in DEFAULT mode."}
{"@timestamp":"2025-10-24T09:22:53.7297894+05:00","level":"INFO","logger_name":"org.springframework.data.repository.config.RepositoryConfigurationDelegate","message":"Finished Spring Data repository scanning in 48 ms. Found 3 JPA repository interfaces."}
{"@timestamp":"2025-10-24T09:22:54.4917977+05:00","level":"INFO","logger_name":"org.springframework.boot.web.embedded.tomcat.TomcatWebServer","message":"Tomcat initialized with port 8080 (http)"}
{"@timestamp":"2025-10-24T09:22:54.5077971+05:00","level":"INFO","logger_name":"org.apache.coyote.http11.Http11NioProtocol","message":"Initializing ProtocolHandler [\"http-nio-8080\"]"}
{"@timestamp":"2025-10-24T09:22:54.5137979+05:00","level":"INFO","logger_name":"org.apache.catalina.core.StandardService","message":"Starting service [Tomcat]"}
{"@timestamp":"2025-10-24T09:22:54.514813+05:00","level":"INFO","logger_name":"org.apache.catalina.core.StandardEngine","message":"Starting Servlet engine: [Apache Tomcat/10.1.26]"}
{"@timestamp":"2025-10-24T09:22:54.6267991+05:00","level":"INFO","logger_name":"org.apache.catalina.core.ContainerBase.[Tomcat].[localhost].[/]","message":"Initializing Spring embedded WebApplicationContext"}
{"@timestamp":"2025-10-24T09:22:54.6297984+05:00","level":"INFO","logger_name":"org.springframework.boot.web.servlet.context.ServletWebServerApplicationContext","message":"Root WebApplicationContext: initialization completed in 1740 ms"}
{"@timestamp":"2025-10-24T09:22:55.0537964+05:00","level":"INFO","logger_name":"org.hibernate.jpa.internal.util.LogHelper","message":"HHH000204: Processing PersistenceUnitInfo [name: default]"}
{"@timestamp":"2025-10-24T09:22:55.2028008+05:00","level":"INFO","logger_name":"org.hibernate.Version","message":"HHH000412: Hibernate ORM core version 6.5.2.Final"}
{"@timestamp":"2025-10-24T09:22:55.2427978+05:00","level":"INFO","logger_name":"org.hibernate.cache.internal.RegionFactoryInitiator","message":"HHH000026: Second-level cache disabled"}
{"@timestamp":"2025-10-24T09:22:55.5253397+05:00","level":"INFO","logger_name":"org.springframework.orm.jpa.persistenceunit.SpringPersistenceUnitInfo","message":"No LoadTimeWeaver setup: ignoring JPA class transformer"}
{"@timestamp":"2025-10-24T09:22:55.5463713+05:00","level":"INFO","logger_name":"com.zaxxer.hikari.HikariDataSource","message":"HikariPool-1 - Starting..."}
{"@timestamp":"2025-10-24T09:22:55.696623+05:00","level":"INFO","logger_name":"com.zaxxer.hikari.pool.HikariPool","message":"HikariPool-1 - Added connection org.postgresql.jdbc.PgConnection@261a66b8"}
{"@timestamp":"2025-10-24T09:22:55.6976097+05:00","level":"INFO","logger_name":"com.zaxxer.hikari.HikariDataSource","message":"HikariPool-1 - Start completed."}
{"@timestamp":"2025-10-24T09:22:56.5726404+05:00","level":"INFO","logger_name":"org.hibernate.engine.transaction.jta.platform.internal.JtaPlatformInitiator","message":"HHH000489: No JTA platform available (set 'hibernate.transaction.jta.platform' to enable JTA platform integration)"}
{"@timestamp":"2025-10-24T09:22:56.6705685+05:00","level":"INFO","logger_name":"org.springframework.orm.jpa.LocalContainerEntityManagerFactoryBean","message":"Initialized JPA EntityManagerFactory for persistence unit 'default'"}
{"@timestamp":"2025-10-24T09:22:57.0365035+05:00","level":"WARN","logger_name":"org.springframework.boot.autoconfigure.orm.jpa.JpaBaseConfiguration$JpaWebConfiguration","message":"spring.jpa.open-in-view is enabled by default. Therefore, database queries may be performed during view rendering. Explicitly configure spring.jpa.open-in-view to disable this warning"}
{"@timestamp":"2025-10-24T09:22:57.6640995+05:00","level":"INFO","logger_name":"org.apache.coyote.http11.Http11NioProtocol","message":"Starting ProtocolHandler [\"http-nio-8080\"]"}
{"@timestamp":"2025-10-24T09:22:57.6780712+05:00","level":"INFO","logger_name":"org.springframework.boot.web.embedded.tomcat.TomcatWebServer","message":"Tomcat started on port 8080 (http) with context path '/'"}
{"@timestamp":"2025-10-24T09:22:57.6850718+05:00","level":"INFO","logger_name":"com.ecommerce.EcommercePlatformApplication","message":"Started EcommercePlatformApplication in 5.406 seconds (process running for 5.745)"}
{"@timestamp":"2025-10-24T09:28:35.9278963+05:00","level":"INFO","logger_name":"org.springframework.orm.jpa.LocalContainerEntityManagerFactoryBean","message":"Closing JPA EntityManagerFactory for persistence unit 'default'"}
{"@timestamp":"2025-10-24T09:28:35.9308962+05:00","level":"INFO","logger_name":"com.zaxxer.hikari.HikariDataSource","message":"HikariPool-1 - Shutdown initiated..."}
{"@timestamp":"2025-10-24T09:28:35.9338963+05:00","level":"INFO","logger_name":"com.zaxxer.hikari.HikariDataSource","message":"HikariPool-1 - Shutdown completed."}
